  [1m[36m (46.0ms)[0m  [1mCREATE TABLE "schema_migrations" ("version" varchar(255) NOT NULL) [0m
  [1m[35m (0.0ms)[0m  select sqlite_version(*)
  [1m[36m (5.0ms)[0m  [1mCREATE UNIQUE INDEX "unique_schema_migrations" ON "schema_migrations" ("version")[0m
  [1m[35mActiveRecord::SchemaMigration Load (0.0ms)[0m  SELECT "schema_migrations".* FROM "schema_migrations"
Migrating to CreatePosts (20140813003435)
  [1m[36m (0.0ms)[0m  [1mbegin transaction[0m
  [1m[35m (0.0ms)[0m  CREATE TABLE "posts" ("id" INTEGER PRIMARY KEY AUTOINCREMENT NOT NULL, "title" varchar(255), "body" text, "created_at" datetime, "updated_at" datetime) 
  [1m[36mSQL (0.0ms)[0m  [1mINSERT INTO "schema_migrations" ("version") VALUES (?)[0m  [["version", "20140813003435"]]
  [1m[35m (6.0ms)[0m  commit transaction
Migrating to CreateComments (20140813003532)
  [1m[36m (0.0ms)[0m  [1mbegin transaction[0m
  [1m[35m (1.0ms)[0m  CREATE TABLE "comments" ("id" INTEGER PRIMARY KEY AUTOINCREMENT NOT NULL, "post_id" integer, "body" text, "created_at" datetime, "updated_at" datetime) 
  [1m[36mSQL (0.0ms)[0m  [1mINSERT INTO "schema_migrations" ("version") VALUES (?)[0m  [["version", "20140813003532"]]
  [1m[35m (5.0ms)[0m  commit transaction
  [1m[36mActiveRecord::SchemaMigration Load (0.0ms)[0m  [1mSELECT "schema_migrations".* FROM "schema_migrations"[0m


Started GET "/posts" for 127.0.0.1 at 2014-08-12 20:40:44 -0400
  [1m[36mActiveRecord::SchemaMigration Load (0.0ms)[0m  [1mSELECT "schema_migrations".* FROM "schema_migrations"[0m
Processing by PostsController#index as HTML
  [1m[35mPost Load (1.0ms)[0m  SELECT "posts".* FROM "posts"
  Rendered posts/index.html.erb within layouts/application (32.0ms)
Completed 200 OK in 3893ms (Views: 3831.2ms | ActiveRecord: 1.0ms)


Started GET "/assets/comments.css?body=1" for 127.0.0.1 at 2014-08-12 20:40:49 -0400


Started GET "/assets/posts.css?body=1" for 127.0.0.1 at 2014-08-12 20:40:49 -0400


Started GET "/assets/scaffolds.css?body=1" for 127.0.0.1 at 2014-08-12 20:40:49 -0400


Started GET "/assets/application.css?body=1" for 127.0.0.1 at 2014-08-12 20:40:49 -0400


Started GET "/assets/jquery.js?body=1" for 127.0.0.1 at 2014-08-12 20:40:49 -0400


Started GET "/assets/comments.js?body=1" for 127.0.0.1 at 2014-08-12 20:40:49 -0400


Started GET "/assets/jquery_ujs.js?body=1" for 127.0.0.1 at 2014-08-12 20:40:49 -0400


Started GET "/assets/turbolinks.js?body=1" for 127.0.0.1 at 2014-08-12 20:40:49 -0400


Started GET "/assets/posts.js?body=1" for 127.0.0.1 at 2014-08-12 20:40:49 -0400


Started GET "/assets/application.js?body=1" for 127.0.0.1 at 2014-08-12 20:40:49 -0400


Started GET "/posts/new" for 127.0.0.1 at 2014-08-12 20:41:26 -0400
Processing by PostsController#new as HTML
  Rendered posts/_form.html.erb (658.0ms)
  Rendered posts/new.html.erb within layouts/application (664.0ms)
Completed 200 OK in 676ms (Views: 674.0ms | ActiveRecord: 1.0ms)


Started POST "/posts" for 127.0.0.1 at 2014-08-12 20:41:41 -0400
Processing by PostsController#create as HTML
  Parameters: {"utf8"=>"✓", "authenticity_token"=>"CnwZx3bLf6u6ur5MWNKf9xbIvC8+8O9sNCWHqngrdEA=", "post"=>{"title"=>"My First Post", "body"=>"Life is great"}, "commit"=>"Create Post"}
  [1m[36m (0.0ms)[0m  [1mbegin transaction[0m
  [1m[35mSQL (2.0ms)[0m  INSERT INTO "posts" ("body", "created_at", "title", "updated_at") VALUES (?, ?, ?, ?)  [["body", "Life is great"], ["created_at", "2014-08-13 00:41:41.540116"], ["title", "My First Post"], ["updated_at", "2014-08-13 00:41:41.540116"]]
  [1m[36m (5.0ms)[0m  [1mcommit transaction[0m
Redirected to http://localhost:3000/posts/1
Completed 302 Found in 61ms (ActiveRecord: 7.0ms)


Started GET "/posts/1" for 127.0.0.1 at 2014-08-12 20:41:41 -0400
Processing by PostsController#show as HTML
  Parameters: {"id"=>"1"}
  [1m[35mPost Load (0.0ms)[0m  SELECT  "posts".* FROM "posts"  WHERE "posts"."id" = ? LIMIT 1  [["id", 1]]
  Rendered posts/show.html.erb within layouts/application (1.0ms)
Completed 200 OK in 12ms (Views: 10.0ms | ActiveRecord: 0.0ms)


Started GET "/assets/comments.css?body=1" for 127.0.0.1 at 2014-08-12 20:41:41 -0400


Started GET "/assets/posts.css?body=1" for 127.0.0.1 at 2014-08-12 20:41:41 -0400


Started GET "/assets/scaffolds.css?body=1" for 127.0.0.1 at 2014-08-12 20:41:41 -0400


Started GET "/assets/comments.js?body=1" for 127.0.0.1 at 2014-08-12 20:41:41 -0400


Started GET "/assets/posts.js?body=1" for 127.0.0.1 at 2014-08-12 20:41:41 -0400


Started GET "/posts/comments" for 127.0.0.1 at 2014-08-12 20:41:51 -0400
Processing by PostsController#show as HTML
  Parameters: {"id"=>"comments"}
  [1m[36mPost Load (0.0ms)[0m  [1mSELECT  "posts".* FROM "posts"  WHERE "posts"."id" = ? LIMIT 1[0m  [["id", 0]]
Completed 404 Not Found in 11ms

ActiveRecord::RecordNotFound (Couldn't find Post with 'id'=comments):
  app/controllers/posts_controller.rb:67:in `set_post'


  Rendered C:/Ruby200/lib/ruby/gems/2.0.0/gems/actionpack-4.1.4/lib/action_dispatch/middleware/templates/rescues/_source.erb (1.0ms)
  Rendered C:/Ruby200/lib/ruby/gems/2.0.0/gems/actionpack-4.1.4/lib/action_dispatch/middleware/templates/rescues/_trace.html.erb (1.0ms)
  Rendered C:/Ruby200/lib/ruby/gems/2.0.0/gems/actionpack-4.1.4/lib/action_dispatch/middleware/templates/rescues/_request_and_response.html.erb (1.0ms)
  Rendered C:/Ruby200/lib/ruby/gems/2.0.0/gems/actionpack-4.1.4/lib/action_dispatch/middleware/templates/rescues/diagnostics.erb within rescues/layout (70.0ms)


Started GET "/comments" for 127.0.0.1 at 2014-08-12 20:42:02 -0400
Processing by CommentsController#index as HTML
  [1m[35mComment Load (0.0ms)[0m  SELECT "comments".* FROM "comments"
  Rendered comments/index.html.erb within layouts/application (2.0ms)
Completed 200 OK in 17ms (Views: 14.0ms | ActiveRecord: 0.0ms)


Started GET "/assets/scaffolds.css?body=1" for 127.0.0.1 at 2014-08-12 20:42:02 -0400


Started GET "/assets/posts.css?body=1" for 127.0.0.1 at 2014-08-12 20:42:02 -0400


Started GET "/assets/comments.js?body=1" for 127.0.0.1 at 2014-08-12 20:42:02 -0400


Started GET "/assets/comments.css?body=1" for 127.0.0.1 at 2014-08-12 20:42:02 -0400


Started GET "/assets/posts.js?body=1" for 127.0.0.1 at 2014-08-12 20:42:02 -0400


Started GET "/assets/application.css?body=1" for 127.0.0.1 at 2014-08-12 20:42:02 -0400


Started GET "/assets/application.js?body=1" for 127.0.0.1 at 2014-08-12 20:42:02 -0400


Started GET "/comments/new" for 127.0.0.1 at 2014-08-12 20:42:04 -0400
Processing by CommentsController#new as HTML
  Rendered comments/_form.html.erb (52.0ms)
  Rendered comments/new.html.erb within layouts/application (73.0ms)
Completed 200 OK in 87ms (Views: 85.0ms | ActiveRecord: 1.0ms)


Started POST "/comments" for 127.0.0.1 at 2014-08-12 20:42:16 -0400
Processing by CommentsController#create as HTML
  Parameters: {"utf8"=>"✓", "authenticity_token"=>"CnwZx3bLf6u6ur5MWNKf9xbIvC8+8O9sNCWHqngrdEA=", "comment"=>{"post_id"=>"1", "body"=>"Great Post"}, "commit"=>"Create Comment"}
  [1m[36m (0.0ms)[0m  [1mbegin transaction[0m
  [1m[35mSQL (1.0ms)[0m  INSERT INTO "comments" ("body", "created_at", "post_id", "updated_at") VALUES (?, ?, ?, ?)  [["body", "Great Post"], ["created_at", "2014-08-13 00:42:16.842135"], ["post_id", 1], ["updated_at", "2014-08-13 00:42:16.842135"]]
  [1m[36m (6.0ms)[0m  [1mcommit transaction[0m
Redirected to http://localhost:3000/comments/1
Completed 302 Found in 17ms (ActiveRecord: 7.0ms)


Started GET "/comments/1" for 127.0.0.1 at 2014-08-12 20:42:16 -0400
Processing by CommentsController#show as HTML
  Parameters: {"id"=>"1"}
  [1m[35mComment Load (1.0ms)[0m  SELECT  "comments".* FROM "comments"  WHERE "comments"."id" = ? LIMIT 1  [["id", 1]]
  Rendered comments/show.html.erb within layouts/application (2.0ms)
Completed 200 OK in 15ms (Views: 14.0ms | ActiveRecord: 1.0ms)


Started GET "/assets/application.css?body=1" for 127.0.0.1 at 2014-08-12 20:42:16 -0400


Started GET "/assets/scaffolds.css?body=1" for 127.0.0.1 at 2014-08-12 20:42:16 -0400


Started GET "/assets/posts.js?body=1" for 127.0.0.1 at 2014-08-12 20:42:16 -0400


Started GET "/assets/posts.css?body=1" for 127.0.0.1 at 2014-08-12 20:42:16 -0400


Started GET "/assets/comments.css?body=1" for 127.0.0.1 at 2014-08-12 20:42:17 -0400


Started GET "/assets/comments.js?body=1" for 127.0.0.1 at 2014-08-12 20:42:17 -0400


Started GET "/assets/application.js?body=1" for 127.0.0.1 at 2014-08-12 20:42:17 -0400


Started GET "/post" for 127.0.0.1 at 2014-08-12 20:48:27 -0400
  [1m[36mActiveRecord::SchemaMigration Load (0.0ms)[0m  [1mSELECT "schema_migrations".* FROM "schema_migrations"[0m

ActionController::RoutingError (No route matches [GET] "/post"):
  actionpack (4.1.4) lib/action_dispatch/middleware/debug_exceptions.rb:21:in `call'
  actionpack (4.1.4) lib/action_dispatch/middleware/show_exceptions.rb:30:in `call'
  railties (4.1.4) lib/rails/rack/logger.rb:38:in `call_app'
  railties (4.1.4) lib/rails/rack/logger.rb:20:in `block in call'
  activesupport (4.1.4) lib/active_support/tagged_logging.rb:68:in `block in tagged'
  activesupport (4.1.4) lib/active_support/tagged_logging.rb:26:in `tagged'
  activesupport (4.1.4) lib/active_support/tagged_logging.rb:68:in `tagged'
  railties (4.1.4) lib/rails/rack/logger.rb:20:in `call'
  actionpack (4.1.4) lib/action_dispatch/middleware/request_id.rb:21:in `call'
  rack (1.5.2) lib/rack/methodoverride.rb:21:in `call'
  rack (1.5.2) lib/rack/runtime.rb:17:in `call'
  activesupport (4.1.4) lib/active_support/cache/strategy/local_cache_middleware.rb:26:in `call'
  rack (1.5.2) lib/rack/lock.rb:17:in `call'
  actionpack (4.1.4) lib/action_dispatch/middleware/static.rb:64:in `call'
  rack (1.5.2) lib/rack/sendfile.rb:112:in `call'
  railties (4.1.4) lib/rails/engine.rb:514:in `call'
  railties (4.1.4) lib/rails/application.rb:144:in `call'
  rack (1.5.2) lib/rack/lock.rb:17:in `call'
  rack (1.5.2) lib/rack/content_length.rb:14:in `call'
  rack (1.5.2) lib/rack/handler/webrick.rb:60:in `service'
  C:/Ruby200/lib/ruby/2.0.0/webrick/httpserver.rb:138:in `service'
  C:/Ruby200/lib/ruby/2.0.0/webrick/httpserver.rb:94:in `run'
  C:/Ruby200/lib/ruby/2.0.0/webrick/server.rb:295:in `block in start_thread'


  Rendered C:/Ruby200/lib/ruby/gems/2.0.0/gems/actionpack-4.1.4/lib/action_dispatch/middleware/templates/rescues/_trace.html.erb (1.0ms)
  Rendered C:/Ruby200/lib/ruby/gems/2.0.0/gems/actionpack-4.1.4/lib/action_dispatch/middleware/templates/routes/_route.html.erb (2.0ms)
  Rendered C:/Ruby200/lib/ruby/gems/2.0.0/gems/actionpack-4.1.4/lib/action_dispatch/middleware/templates/routes/_table.html.erb (10.0ms)
  Rendered C:/Ruby200/lib/ruby/gems/2.0.0/gems/actionpack-4.1.4/lib/action_dispatch/middleware/templates/rescues/routing_error.html.erb within rescues/layout (57.0ms)


Started GET "/post" for 127.0.0.1 at 2014-08-12 20:48:30 -0400

ActionController::RoutingError (No route matches [GET] "/post"):
  actionpack (4.1.4) lib/action_dispatch/middleware/debug_exceptions.rb:21:in `call'
  actionpack (4.1.4) lib/action_dispatch/middleware/show_exceptions.rb:30:in `call'
  railties (4.1.4) lib/rails/rack/logger.rb:38:in `call_app'
  railties (4.1.4) lib/rails/rack/logger.rb:20:in `block in call'
  activesupport (4.1.4) lib/active_support/tagged_logging.rb:68:in `block in tagged'
  activesupport (4.1.4) lib/active_support/tagged_logging.rb:26:in `tagged'
  activesupport (4.1.4) lib/active_support/tagged_logging.rb:68:in `tagged'
  railties (4.1.4) lib/rails/rack/logger.rb:20:in `call'
  actionpack (4.1.4) lib/action_dispatch/middleware/request_id.rb:21:in `call'
  rack (1.5.2) lib/rack/methodoverride.rb:21:in `call'
  rack (1.5.2) lib/rack/runtime.rb:17:in `call'
  activesupport (4.1.4) lib/active_support/cache/strategy/local_cache_middleware.rb:26:in `call'
  rack (1.5.2) lib/rack/lock.rb:17:in `call'
  actionpack (4.1.4) lib/action_dispatch/middleware/static.rb:64:in `call'
  rack (1.5.2) lib/rack/sendfile.rb:112:in `call'
  railties (4.1.4) lib/rails/engine.rb:514:in `call'
  railties (4.1.4) lib/rails/application.rb:144:in `call'
  rack (1.5.2) lib/rack/lock.rb:17:in `call'
  rack (1.5.2) lib/rack/content_length.rb:14:in `call'
  rack (1.5.2) lib/rack/handler/webrick.rb:60:in `service'
  C:/Ruby200/lib/ruby/2.0.0/webrick/httpserver.rb:138:in `service'
  C:/Ruby200/lib/ruby/2.0.0/webrick/httpserver.rb:94:in `run'
  C:/Ruby200/lib/ruby/2.0.0/webrick/server.rb:295:in `block in start_thread'


  Rendered C:/Ruby200/lib/ruby/gems/2.0.0/gems/actionpack-4.1.4/lib/action_dispatch/middleware/templates/rescues/_trace.html.erb (1.0ms)
  Rendered C:/Ruby200/lib/ruby/gems/2.0.0/gems/actionpack-4.1.4/lib/action_dispatch/middleware/templates/routes/_route.html.erb (2.0ms)
  Rendered C:/Ruby200/lib/ruby/gems/2.0.0/gems/actionpack-4.1.4/lib/action_dispatch/middleware/templates/routes/_table.html.erb (1.0ms)
  Rendered C:/Ruby200/lib/ruby/gems/2.0.0/gems/actionpack-4.1.4/lib/action_dispatch/middleware/templates/rescues/routing_error.html.erb within rescues/layout (43.0ms)


Started GET "/posts" for 127.0.0.1 at 2014-08-12 20:49:01 -0400
Processing by PostsController#index as HTML
  [1m[35mPost Load (1.0ms)[0m  SELECT "posts".* FROM "posts"
  Rendered posts/index.html.erb within layouts/application (5.0ms)
Completed 200 OK in 435ms (Views: 416.0ms | ActiveRecord: 1.0ms)


Started GET "/assets/scaffolds.css?body=1" for 127.0.0.1 at 2014-08-12 20:49:01 -0400


Started GET "/assets/posts.css?body=1" for 127.0.0.1 at 2014-08-12 20:49:01 -0400


Started GET "/assets/comments.css?body=1" for 127.0.0.1 at 2014-08-12 20:49:01 -0400


Started GET "/assets/turbolinks.js?body=1" for 127.0.0.1 at 2014-08-12 20:49:01 -0400


Started GET "/assets/application.css?body=1" for 127.0.0.1 at 2014-08-12 20:49:01 -0400


Started GET "/assets/jquery.js?body=1" for 127.0.0.1 at 2014-08-12 20:49:01 -0400


Started GET "/assets/comments.js?body=1" for 127.0.0.1 at 2014-08-12 20:49:01 -0400


Started GET "/assets/posts.js?body=1" for 127.0.0.1 at 2014-08-12 20:49:01 -0400


Started GET "/assets/jquery_ujs.js?body=1" for 127.0.0.1 at 2014-08-12 20:49:01 -0400


Started GET "/assets/application.js?body=1" for 127.0.0.1 at 2014-08-12 20:49:01 -0400


Started GET "/posts/1" for 127.0.0.1 at 2014-08-12 20:49:11 -0400
Processing by PostsController#show as HTML
  Parameters: {"id"=>"1"}
  [1m[36mPost Load (0.0ms)[0m  [1mSELECT  "posts".* FROM "posts"  WHERE "posts"."id" = ? LIMIT 1[0m  [["id", 1]]
  Rendered posts/show.html.erb within layouts/application (1.0ms)
Completed 200 OK in 12ms (Views: 10.0ms | ActiveRecord: 0.0ms)


Started GET "/posts" for 127.0.0.1 at 2014-08-12 20:49:12 -0400
Processing by PostsController#index as HTML
  [1m[35mPost Load (0.0ms)[0m  SELECT "posts".* FROM "posts"
  Rendered posts/index.html.erb within layouts/application (2.0ms)
Completed 200 OK in 12ms (Views: 11.0ms | ActiveRecord: 0.0ms)


Started GET "/comments" for 127.0.0.1 at 2014-08-12 20:49:29 -0400
Processing by CommentsController#index as HTML
  [1m[36mComment Load (1.0ms)[0m  [1mSELECT "comments".* FROM "comments"[0m
  Rendered comments/index.html.erb within layouts/application (10.0ms)
Completed 200 OK in 21ms (Views: 17.0ms | ActiveRecord: 2.0ms)


Started GET "/assets/comments.css?body=1" for 127.0.0.1 at 2014-08-12 20:49:29 -0400


Started GET "/assets/jquery.js?body=1" for 127.0.0.1 at 2014-08-12 20:49:29 -0400


Started GET "/assets/application.css?body=1" for 127.0.0.1 at 2014-08-12 20:49:29 -0400


Started GET "/assets/posts.css?body=1" for 127.0.0.1 at 2014-08-12 20:49:29 -0400


Started GET "/assets/scaffolds.css?body=1" for 127.0.0.1 at 2014-08-12 20:49:29 -0400


Started GET "/assets/jquery_ujs.js?body=1" for 127.0.0.1 at 2014-08-12 20:49:29 -0400


Started GET "/assets/turbolinks.js?body=1" for 127.0.0.1 at 2014-08-12 20:49:29 -0400


Started GET "/assets/comments.js?body=1" for 127.0.0.1 at 2014-08-12 20:49:29 -0400


Started GET "/assets/posts.js?body=1" for 127.0.0.1 at 2014-08-12 20:49:29 -0400


Started GET "/assets/application.js?body=1" for 127.0.0.1 at 2014-08-12 20:49:30 -0400


Started GET "/comments/1" for 127.0.0.1 at 2014-08-12 20:49:31 -0400
Processing by CommentsController#show as HTML
  Parameters: {"id"=>"1"}
  [1m[35mComment Load (1.0ms)[0m  SELECT  "comments".* FROM "comments"  WHERE "comments"."id" = ? LIMIT 1  [["id", 1]]
  Rendered comments/show.html.erb within layouts/application (1.0ms)
Completed 200 OK in 11ms (Views: 8.0ms | ActiveRecord: 1.0ms)


Started GET "/comments" for 127.0.0.1 at 2014-08-12 20:49:33 -0400
Processing by CommentsController#index as HTML
  [1m[36mComment Load (0.0ms)[0m  [1mSELECT "comments".* FROM "comments"[0m
  Rendered comments/index.html.erb within layouts/application (5.0ms)
Completed 200 OK in 16ms (Views: 15.0ms | ActiveRecord: 0.0ms)


Started GET "/comments/1/edit" for 127.0.0.1 at 2014-08-12 20:50:17 -0400
Processing by CommentsController#edit as HTML
  Parameters: {"id"=>"1"}
  [1m[35mComment Load (0.0ms)[0m  SELECT  "comments".* FROM "comments"  WHERE "comments"."id" = ? LIMIT 1  [["id", 1]]
  Rendered comments/_form.html.erb (13.0ms)
  Rendered comments/edit.html.erb within layouts/application (16.0ms)
Completed 200 OK in 27ms (Views: 25.0ms | ActiveRecord: 0.0ms)


Started PATCH "/comments/1" for 127.0.0.1 at 2014-08-12 20:50:28 -0400
Processing by CommentsController#update as HTML
  Parameters: {"utf8"=>"✓", "authenticity_token"=>"CnwZx3bLf6u6ur5MWNKf9xbIvC8+8O9sNCWHqngrdEA=", "comment"=>{"post_id"=>"1", "body"=>"Great Post- edited"}, "commit"=>"Update Comment", "id"=>"1"}
  [1m[36mComment Load (0.0ms)[0m  [1mSELECT  "comments".* FROM "comments"  WHERE "comments"."id" = ? LIMIT 1[0m  [["id", 1]]
  [1m[35m (0.0ms)[0m  begin transaction
  [1m[36mSQL (1.0ms)[0m  [1mUPDATE "comments" SET "body" = ?, "updated_at" = ? WHERE "comments"."id" = 1[0m  [["body", "Great Post- edited"], ["updated_at", "2014-08-13 00:50:28.322246"]]
  [1m[35m (6.0ms)[0m  commit transaction
Redirected to http://localhost:3000/comments/1
Completed 302 Found in 50ms (ActiveRecord: 7.0ms)


Started GET "/comments/1" for 127.0.0.1 at 2014-08-12 20:50:28 -0400
Processing by CommentsController#show as HTML
  Parameters: {"id"=>"1"}
  [1m[36mComment Load (0.0ms)[0m  [1mSELECT  "comments".* FROM "comments"  WHERE "comments"."id" = ? LIMIT 1[0m  [["id", 1]]
  Rendered comments/show.html.erb within layouts/application (1.0ms)
Completed 200 OK in 10ms (Views: 8.0ms | ActiveRecord: 0.0ms)


Started GET "/assets/comments.css?body=1" for 127.0.0.1 at 2014-08-12 20:50:28 -0400


Started GET "/assets/turbolinks.js?body=1" for 127.0.0.1 at 2014-08-12 20:50:28 -0400


Started GET "/assets/scaffolds.css?body=1" for 127.0.0.1 at 2014-08-12 20:50:28 -0400


Started GET "/assets/posts.css?body=1" for 127.0.0.1 at 2014-08-12 20:50:28 -0400


Started GET "/assets/application.css?body=1" for 127.0.0.1 at 2014-08-12 20:50:28 -0400


Started GET "/assets/posts.js?body=1" for 127.0.0.1 at 2014-08-12 20:50:28 -0400


Started GET "/assets/jquery.js?body=1" for 127.0.0.1 at 2014-08-12 20:50:28 -0400


Started GET "/assets/comments.js?body=1" for 127.0.0.1 at 2014-08-12 20:50:28 -0400


Started GET "/assets/application.js?body=1" for 127.0.0.1 at 2014-08-12 20:50:28 -0400


Started GET "/assets/jquery_ujs.js?body=1" for 127.0.0.1 at 2014-08-12 20:50:28 -0400
  [1m[36mPost Load (408.0ms)[0m  [1mSELECT "posts".* FROM "posts"[0m
  [1m[35mComment Load (0.0ms)[0m  SELECT "comments".* FROM "comments"


Started GET "/" for 127.0.0.1 at 2014-08-13 01:48:13 -0400
Processing by Rails::WelcomeController#index as HTML
Completed   in 549ms


Started GET "/posts" for 127.0.0.1 at 2014-08-13 01:48:38 -0400
  [1m[36mActiveRecord::SchemaMigration Load (0.0ms)[0m  [1mSELECT "schema_migrations".* FROM "schema_migrations"[0m
Processing by PostsController#index as HTML
Completed 500 Internal Server Error in 29ms

SyntaxError (c:/Ruby200/blog/app/models/post.rb:2: syntax error, unexpected ':', expecting keyword_end
	has_many :comments, dependent : :destroy
	                               ^):
  app/models/post.rb:2: syntax error, unexpected ':', expecting keyword_end
  app/controllers/posts_controller.rb:7:in `index'


  Rendered C:/Ruby200/lib/ruby/gems/2.0.0/gems/actionpack-4.1.4/lib/action_dispatch/middleware/templates/rescues/_source.erb (0.0ms)
  Rendered C:/Ruby200/lib/ruby/gems/2.0.0/gems/actionpack-4.1.4/lib/action_dispatch/middleware/templates/rescues/_trace.html.erb (1.0ms)
  Rendered C:/Ruby200/lib/ruby/gems/2.0.0/gems/actionpack-4.1.4/lib/action_dispatch/middleware/templates/rescues/_request_and_response.html.erb (1.0ms)
  Rendered C:/Ruby200/lib/ruby/gems/2.0.0/gems/actionpack-4.1.4/lib/action_dispatch/middleware/templates/rescues/diagnostics.erb within rescues/layout (88.0ms)


Started GET "/posts" for 127.0.0.1 at 2014-08-13 01:50:44 -0400
Processing by PostsController#index as HTML
Completed 500 Internal Server Error in 2ms

SyntaxError (c:/Ruby200/blog/app/models/post.rb:2: syntax error, unexpected ':', expecting keyword_end
	has_many :comments :dependent : :destroy
	                    ^):
  app/models/post.rb:2: syntax error, unexpected ':', expecting keyword_end
  app/controllers/posts_controller.rb:7:in `index'


  Rendered C:/Ruby200/lib/ruby/gems/2.0.0/gems/actionpack-4.1.4/lib/action_dispatch/middleware/templates/rescues/_source.erb (2.0ms)
  Rendered C:/Ruby200/lib/ruby/gems/2.0.0/gems/actionpack-4.1.4/lib/action_dispatch/middleware/templates/rescues/_trace.html.erb (3.0ms)
  Rendered C:/Ruby200/lib/ruby/gems/2.0.0/gems/actionpack-4.1.4/lib/action_dispatch/middleware/templates/rescues/_request_and_response.html.erb (2.0ms)
  Rendered C:/Ruby200/lib/ruby/gems/2.0.0/gems/actionpack-4.1.4/lib/action_dispatch/middleware/templates/rescues/diagnostics.erb within rescues/layout (54.0ms)


Started GET "/post" for 127.0.0.1 at 2014-08-13 01:50:52 -0400

ActionController::RoutingError (No route matches [GET] "/post"):
  actionpack (4.1.4) lib/action_dispatch/middleware/debug_exceptions.rb:21:in `call'
  actionpack (4.1.4) lib/action_dispatch/middleware/show_exceptions.rb:30:in `call'
  railties (4.1.4) lib/rails/rack/logger.rb:38:in `call_app'
  railties (4.1.4) lib/rails/rack/logger.rb:20:in `block in call'
  activesupport (4.1.4) lib/active_support/tagged_logging.rb:68:in `block in tagged'
  activesupport (4.1.4) lib/active_support/tagged_logging.rb:26:in `tagged'
  activesupport (4.1.4) lib/active_support/tagged_logging.rb:68:in `tagged'
  railties (4.1.4) lib/rails/rack/logger.rb:20:in `call'
  actionpack (4.1.4) lib/action_dispatch/middleware/request_id.rb:21:in `call'
  rack (1.5.2) lib/rack/methodoverride.rb:21:in `call'
  rack (1.5.2) lib/rack/runtime.rb:17:in `call'
  activesupport (4.1.4) lib/active_support/cache/strategy/local_cache_middleware.rb:26:in `call'
  rack (1.5.2) lib/rack/lock.rb:17:in `call'
  actionpack (4.1.4) lib/action_dispatch/middleware/static.rb:64:in `call'
  rack (1.5.2) lib/rack/sendfile.rb:112:in `call'
  railties (4.1.4) lib/rails/engine.rb:514:in `call'
  railties (4.1.4) lib/rails/application.rb:144:in `call'
  rack (1.5.2) lib/rack/lock.rb:17:in `call'
  rack (1.5.2) lib/rack/content_length.rb:14:in `call'
  rack (1.5.2) lib/rack/handler/webrick.rb:60:in `service'
  C:/Ruby200/lib/ruby/2.0.0/webrick/httpserver.rb:138:in `service'
  C:/Ruby200/lib/ruby/2.0.0/webrick/httpserver.rb:94:in `run'
  C:/Ruby200/lib/ruby/2.0.0/webrick/server.rb:295:in `block in start_thread'


  Rendered C:/Ruby200/lib/ruby/gems/2.0.0/gems/actionpack-4.1.4/lib/action_dispatch/middleware/templates/rescues/_trace.html.erb (2.0ms)
  Rendered C:/Ruby200/lib/ruby/gems/2.0.0/gems/actionpack-4.1.4/lib/action_dispatch/middleware/templates/routes/_route.html.erb (3.0ms)
  Rendered C:/Ruby200/lib/ruby/gems/2.0.0/gems/actionpack-4.1.4/lib/action_dispatch/middleware/templates/routes/_table.html.erb (100.0ms)
  Rendered C:/Ruby200/lib/ruby/gems/2.0.0/gems/actionpack-4.1.4/lib/action_dispatch/middleware/templates/rescues/routing_error.html.erb within rescues/layout (231.0ms)


Started GET "/posts" for 127.0.0.1 at 2014-08-13 01:51:07 -0400
Processing by PostsController#index as HTML
Completed 500 Internal Server Error in 9ms

SyntaxError (c:/Ruby200/blog/app/models/post.rb:2: syntax error, unexpected ':', expecting keyword_end
	has_many :comments :dependent : :destroy
	                    ^):
  app/models/post.rb:2: syntax error, unexpected ':', expecting keyword_end
  app/controllers/posts_controller.rb:7:in `index'


  Rendered C:/Ruby200/lib/ruby/gems/2.0.0/gems/actionpack-4.1.4/lib/action_dispatch/middleware/templates/rescues/_source.erb (1.0ms)
  Rendered C:/Ruby200/lib/ruby/gems/2.0.0/gems/actionpack-4.1.4/lib/action_dispatch/middleware/templates/rescues/_trace.html.erb (1.0ms)
  Rendered C:/Ruby200/lib/ruby/gems/2.0.0/gems/actionpack-4.1.4/lib/action_dispatch/middleware/templates/rescues/_request_and_response.html.erb (2.0ms)
  Rendered C:/Ruby200/lib/ruby/gems/2.0.0/gems/actionpack-4.1.4/lib/action_dispatch/middleware/templates/rescues/diagnostics.erb within rescues/layout (43.0ms)


Started GET "/posts" for 127.0.0.1 at 2014-08-13 01:52:16 -0400
Processing by PostsController#index as HTML
  [1m[35mPost Load (1.0ms)[0m  SELECT "posts".* FROM "posts"
  Rendered posts/index.html.erb within layouts/application (10.0ms)
Completed 200 OK in 657ms (Views: 643.0ms | ActiveRecord: 1.0ms)


Started GET "/assets/comments.css?body=1" for 127.0.0.1 at 2014-08-13 01:52:17 -0400


Started GET "/assets/application.css?body=1" for 127.0.0.1 at 2014-08-13 01:52:17 -0400


Started GET "/assets/posts.css?body=1" for 127.0.0.1 at 2014-08-13 01:52:17 -0400


Started GET "/assets/jquery.js?body=1" for 127.0.0.1 at 2014-08-13 01:52:17 -0400


Started GET "/assets/scaffolds.css?body=1" for 127.0.0.1 at 2014-08-13 01:52:17 -0400


Started GET "/assets/jquery_ujs.js?body=1" for 127.0.0.1 at 2014-08-13 01:52:17 -0400


Started GET "/assets/turbolinks.js?body=1" for 127.0.0.1 at 2014-08-13 01:52:17 -0400


Started GET "/assets/comments.js?body=1" for 127.0.0.1 at 2014-08-13 01:52:17 -0400


Started GET "/assets/posts.js?body=1" for 127.0.0.1 at 2014-08-13 01:52:17 -0400


Started GET "/assets/application.js?body=1" for 127.0.0.1 at 2014-08-13 01:52:17 -0400


Started GET "/posts/new" for 127.0.0.1 at 2014-08-13 01:53:14 -0400
Processing by PostsController#new as HTML
  Rendered posts/_form.html.erb (625.0ms)
  Rendered posts/new.html.erb within layouts/application (630.0ms)
Completed 200 OK in 649ms (Views: 648.0ms | ActiveRecord: 0.0ms)


Started POST "/posts" for 127.0.0.1 at 2014-08-13 01:53:25 -0400
Processing by PostsController#create as HTML
  Parameters: {"utf8"=>"✓", "authenticity_token"=>"CnwZx3bLf6u6ur5MWNKf9xbIvC8+8O9sNCWHqngrdEA=", "post"=>{"title"=>"Second Post", "body"=>""}, "commit"=>"Create Post"}
  [1m[36m (0.0ms)[0m  [1mbegin transaction[0m
  [1m[35mSQL (1.0ms)[0m  INSERT INTO "posts" ("body", "created_at", "title", "updated_at") VALUES (?, ?, ?, ?)  [["body", ""], ["created_at", "2014-08-13 05:53:25.474920"], ["title", "Second Post"], ["updated_at", "2014-08-13 05:53:25.474920"]]
  [1m[36m (70.0ms)[0m  [1mcommit transaction[0m
Redirected to http://localhost:3000/posts/2
Completed 302 Found in 112ms (ActiveRecord: 71.0ms)


Started GET "/posts/2" for 127.0.0.1 at 2014-08-13 01:53:25 -0400
Processing by PostsController#show as HTML
  Parameters: {"id"=>"2"}
  [1m[35mPost Load (1.0ms)[0m  SELECT  "posts".* FROM "posts"  WHERE "posts"."id" = ? LIMIT 1  [["id", 2]]
  Rendered posts/show.html.erb within layouts/application (1.0ms)
Completed 200 OK in 16ms (Views: 14.0ms | ActiveRecord: 1.0ms)


Started GET "/assets/comments.css?body=1" for 127.0.0.1 at 2014-08-13 01:53:25 -0400


Started GET "/assets/posts.css?body=1" for 127.0.0.1 at 2014-08-13 01:53:25 -0400


Started GET "/assets/turbolinks.js?body=1" for 127.0.0.1 at 2014-08-13 01:53:25 -0400


Started GET "/assets/comments.js?body=1" for 127.0.0.1 at 2014-08-13 01:53:25 -0400


Started GET "/assets/application.css?body=1" for 127.0.0.1 at 2014-08-13 01:53:25 -0400


Started GET "/assets/scaffolds.css?body=1" for 127.0.0.1 at 2014-08-13 01:53:25 -0400


Started GET "/assets/jquery.js?body=1" for 127.0.0.1 at 2014-08-13 01:53:25 -0400


Started GET "/assets/posts.js?body=1" for 127.0.0.1 at 2014-08-13 01:53:25 -0400


Started GET "/assets/jquery_ujs.js?body=1" for 127.0.0.1 at 2014-08-13 01:53:25 -0400


Started GET "/assets/application.js?body=1" for 127.0.0.1 at 2014-08-13 01:53:25 -0400


Started GET "/posts" for 127.0.0.1 at 2014-08-13 01:53:27 -0400
Processing by PostsController#index as HTML
  [1m[36mPost Load (0.0ms)[0m  [1mSELECT "posts".* FROM "posts"[0m
  Rendered posts/index.html.erb within layouts/application (4.0ms)
Completed 200 OK in 13ms (Views: 12.0ms | ActiveRecord: 0.0ms)


Started GET "/post" for 127.0.0.1 at 2014-08-13 01:53:38 -0400

ActionController::RoutingError (No route matches [GET] "/post"):
  actionpack (4.1.4) lib/action_dispatch/middleware/debug_exceptions.rb:21:in `call'
  actionpack (4.1.4) lib/action_dispatch/middleware/show_exceptions.rb:30:in `call'
  railties (4.1.4) lib/rails/rack/logger.rb:38:in `call_app'
  railties (4.1.4) lib/rails/rack/logger.rb:20:in `block in call'
  activesupport (4.1.4) lib/active_support/tagged_logging.rb:68:in `block in tagged'
  activesupport (4.1.4) lib/active_support/tagged_logging.rb:26:in `tagged'
  activesupport (4.1.4) lib/active_support/tagged_logging.rb:68:in `tagged'
  railties (4.1.4) lib/rails/rack/logger.rb:20:in `call'
  actionpack (4.1.4) lib/action_dispatch/middleware/request_id.rb:21:in `call'
  rack (1.5.2) lib/rack/methodoverride.rb:21:in `call'
  rack (1.5.2) lib/rack/runtime.rb:17:in `call'
  activesupport (4.1.4) lib/active_support/cache/strategy/local_cache_middleware.rb:26:in `call'
  rack (1.5.2) lib/rack/lock.rb:17:in `call'
  actionpack (4.1.4) lib/action_dispatch/middleware/static.rb:64:in `call'
  rack (1.5.2) lib/rack/sendfile.rb:112:in `call'
  railties (4.1.4) lib/rails/engine.rb:514:in `call'
  railties (4.1.4) lib/rails/application.rb:144:in `call'
  rack (1.5.2) lib/rack/lock.rb:17:in `call'
  rack (1.5.2) lib/rack/content_length.rb:14:in `call'
  rack (1.5.2) lib/rack/handler/webrick.rb:60:in `service'
  C:/Ruby200/lib/ruby/2.0.0/webrick/httpserver.rb:138:in `service'
  C:/Ruby200/lib/ruby/2.0.0/webrick/httpserver.rb:94:in `run'
  C:/Ruby200/lib/ruby/2.0.0/webrick/server.rb:295:in `block in start_thread'


  Rendered C:/Ruby200/lib/ruby/gems/2.0.0/gems/actionpack-4.1.4/lib/action_dispatch/middleware/templates/rescues/_trace.html.erb (1.0ms)
  Rendered C:/Ruby200/lib/ruby/gems/2.0.0/gems/actionpack-4.1.4/lib/action_dispatch/middleware/templates/routes/_route.html.erb (2.0ms)
  Rendered C:/Ruby200/lib/ruby/gems/2.0.0/gems/actionpack-4.1.4/lib/action_dispatch/middleware/templates/routes/_table.html.erb (2.0ms)
  Rendered C:/Ruby200/lib/ruby/gems/2.0.0/gems/actionpack-4.1.4/lib/action_dispatch/middleware/templates/rescues/routing_error.html.erb within rescues/layout (82.0ms)


Started GET "/posts" for 127.0.0.1 at 2014-08-13 01:53:52 -0400
Processing by PostsController#index as HTML
  [1m[35mPost Load (0.0ms)[0m  SELECT "posts".* FROM "posts"
  Rendered posts/index.html.erb within layouts/application (2.0ms)
Completed 200 OK in 15ms (Views: 12.0ms | ActiveRecord: 0.0ms)


Started GET "/assets/scaffolds.css?body=1" for 127.0.0.1 at 2014-08-13 01:53:52 -0400


Started GET "/assets/application.css?body=1" for 127.0.0.1 at 2014-08-13 01:53:52 -0400


Started GET "/assets/comments.css?body=1" for 127.0.0.1 at 2014-08-13 01:53:52 -0400


Started GET "/assets/posts.css?body=1" for 127.0.0.1 at 2014-08-13 01:53:52 -0400


Started GET "/assets/jquery_ujs.js?body=1" for 127.0.0.1 at 2014-08-13 01:53:52 -0400


Started GET "/assets/turbolinks.js?body=1" for 127.0.0.1 at 2014-08-13 01:53:52 -0400


Started GET "/assets/jquery.js?body=1" for 127.0.0.1 at 2014-08-13 01:53:52 -0400


Started GET "/assets/comments.js?body=1" for 127.0.0.1 at 2014-08-13 01:53:52 -0400


Started GET "/assets/posts.js?body=1" for 127.0.0.1 at 2014-08-13 01:53:52 -0400


Started GET "/assets/application.js?body=1" for 127.0.0.1 at 2014-08-13 01:53:52 -0400


Started GET "/posts/1" for 127.0.0.1 at 2014-08-13 01:54:03 -0400
Processing by PostsController#show as HTML
  Parameters: {"id"=>"1"}
  [1m[36mPost Load (0.0ms)[0m  [1mSELECT  "posts".* FROM "posts"  WHERE "posts"."id" = ? LIMIT 1[0m  [["id", 1]]
  Rendered posts/show.html.erb within layouts/application (1.0ms)
Completed 200 OK in 15ms (Views: 13.0ms | ActiveRecord: 0.0ms)


Started GET "/assets/comments.css?body=1" for 127.0.0.1 at 2014-08-13 01:54:03 -0400


Started GET "/assets/posts.css?body=1" for 127.0.0.1 at 2014-08-13 01:54:03 -0400


Started GET "/assets/turbolinks.js?body=1" for 127.0.0.1 at 2014-08-13 01:54:03 -0400


Started GET "/assets/jquery.js?body=1" for 127.0.0.1 at 2014-08-13 01:54:03 -0400


Started GET "/assets/scaffolds.css?body=1" for 127.0.0.1 at 2014-08-13 01:54:03 -0400


Started GET "/assets/jquery_ujs.js?body=1" for 127.0.0.1 at 2014-08-13 01:54:03 -0400


Started GET "/assets/application.css?body=1" for 127.0.0.1 at 2014-08-13 01:54:03 -0400


Started GET "/assets/comments.js?body=1" for 127.0.0.1 at 2014-08-13 01:54:03 -0400


Started GET "/assets/posts.js?body=1" for 127.0.0.1 at 2014-08-13 01:54:03 -0400


Started GET "/assets/application.js?body=1" for 127.0.0.1 at 2014-08-13 01:54:03 -0400


Started GET "/posts" for 127.0.0.1 at 2014-08-13 01:54:09 -0400
Processing by PostsController#index as HTML
  [1m[35mPost Load (0.0ms)[0m  SELECT "posts".* FROM "posts"
  Rendered posts/index.html.erb within layouts/application (2.0ms)
Completed 200 OK in 14ms (Views: 12.0ms | ActiveRecord: 0.0ms)


Started GET "/posts/1" for 127.0.0.1 at 2014-08-13 01:54:13 -0400
Processing by PostsController#show as HTML
  Parameters: {"id"=>"1"}
  [1m[36mPost Load (0.0ms)[0m  [1mSELECT  "posts".* FROM "posts"  WHERE "posts"."id" = ? LIMIT 1[0m  [["id", 1]]
  Rendered posts/show.html.erb within layouts/application (1.0ms)
Completed 200 OK in 25ms (Views: 18.0ms | ActiveRecord: 0.0ms)


Started GET "/posts" for 127.0.0.1 at 2014-08-13 01:54:15 -0400
Processing by PostsController#index as HTML
  [1m[35mPost Load (0.0ms)[0m  SELECT "posts".* FROM "posts"
  Rendered posts/index.html.erb within layouts/application (2.0ms)
Completed 200 OK in 15ms (Views: 15.0ms | ActiveRecord: 0.0ms)


Started GET "/post" for 127.0.0.1 at 2014-08-13 01:54:21 -0400

ActionController::RoutingError (No route matches [GET] "/post"):
  actionpack (4.1.4) lib/action_dispatch/middleware/debug_exceptions.rb:21:in `call'
  actionpack (4.1.4) lib/action_dispatch/middleware/show_exceptions.rb:30:in `call'
  railties (4.1.4) lib/rails/rack/logger.rb:38:in `call_app'
  railties (4.1.4) lib/rails/rack/logger.rb:20:in `block in call'
  activesupport (4.1.4) lib/active_support/tagged_logging.rb:68:in `block in tagged'
  activesupport (4.1.4) lib/active_support/tagged_logging.rb:26:in `tagged'
  activesupport (4.1.4) lib/active_support/tagged_logging.rb:68:in `tagged'
  railties (4.1.4) lib/rails/rack/logger.rb:20:in `call'
  actionpack (4.1.4) lib/action_dispatch/middleware/request_id.rb:21:in `call'
  rack (1.5.2) lib/rack/methodoverride.rb:21:in `call'
  rack (1.5.2) lib/rack/runtime.rb:17:in `call'
  activesupport (4.1.4) lib/active_support/cache/strategy/local_cache_middleware.rb:26:in `call'
  rack (1.5.2) lib/rack/lock.rb:17:in `call'
  actionpack (4.1.4) lib/action_dispatch/middleware/static.rb:64:in `call'
  rack (1.5.2) lib/rack/sendfile.rb:112:in `call'
  railties (4.1.4) lib/rails/engine.rb:514:in `call'
  railties (4.1.4) lib/rails/application.rb:144:in `call'
  rack (1.5.2) lib/rack/lock.rb:17:in `call'
  rack (1.5.2) lib/rack/content_length.rb:14:in `call'
  rack (1.5.2) lib/rack/handler/webrick.rb:60:in `service'
  C:/Ruby200/lib/ruby/2.0.0/webrick/httpserver.rb:138:in `service'
  C:/Ruby200/lib/ruby/2.0.0/webrick/httpserver.rb:94:in `run'
  C:/Ruby200/lib/ruby/2.0.0/webrick/server.rb:295:in `block in start_thread'


  Rendered C:/Ruby200/lib/ruby/gems/2.0.0/gems/actionpack-4.1.4/lib/action_dispatch/middleware/templates/rescues/_trace.html.erb (2.0ms)
  Rendered C:/Ruby200/lib/ruby/gems/2.0.0/gems/actionpack-4.1.4/lib/action_dispatch/middleware/templates/routes/_route.html.erb (2.0ms)
  Rendered C:/Ruby200/lib/ruby/gems/2.0.0/gems/actionpack-4.1.4/lib/action_dispatch/middleware/templates/routes/_table.html.erb (2.0ms)
  Rendered C:/Ruby200/lib/ruby/gems/2.0.0/gems/actionpack-4.1.4/lib/action_dispatch/middleware/templates/rescues/routing_error.html.erb within rescues/layout (56.0ms)


Started GET "/comments" for 127.0.0.1 at 2014-08-13 01:54:37 -0400
Processing by CommentsController#index as HTML
  [1m[36mComment Load (0.0ms)[0m  [1mSELECT "comments".* FROM "comments"[0m
  Rendered comments/index.html.erb within layouts/application (9.0ms)
Completed 200 OK in 51ms (Views: 41.0ms | ActiveRecord: 0.0ms)


Started GET "/assets/comments.css?body=1" for 127.0.0.1 at 2014-08-13 01:54:37 -0400


Started GET "/assets/scaffolds.css?body=1" for 127.0.0.1 at 2014-08-13 01:54:37 -0400


Started GET "/assets/jquery.js?body=1" for 127.0.0.1 at 2014-08-13 01:54:37 -0400


Started GET "/assets/turbolinks.js?body=1" for 127.0.0.1 at 2014-08-13 01:54:37 -0400


Started GET "/assets/application.css?body=1" for 127.0.0.1 at 2014-08-13 01:54:37 -0400


Started GET "/assets/posts.css?body=1" for 127.0.0.1 at 2014-08-13 01:54:37 -0400


Started GET "/assets/jquery_ujs.js?body=1" for 127.0.0.1 at 2014-08-13 01:54:37 -0400


Started GET "/assets/comments.js?body=1" for 127.0.0.1 at 2014-08-13 01:54:37 -0400


Started GET "/assets/posts.js?body=1" for 127.0.0.1 at 2014-08-13 01:54:37 -0400


Started GET "/assets/application.js?body=1" for 127.0.0.1 at 2014-08-13 01:54:37 -0400


Started GET "/comments/new" for 127.0.0.1 at 2014-08-13 01:54:40 -0400
Processing by CommentsController#new as HTML
  Rendered comments/_form.html.erb (60.0ms)
  Rendered comments/new.html.erb within layouts/application (130.0ms)
Completed 200 OK in 379ms (Views: 375.0ms | ActiveRecord: 0.0ms)


Started POST "/comments" for 127.0.0.1 at 2014-08-13 01:54:57 -0400
Processing by CommentsController#create as HTML
  Parameters: {"utf8"=>"✓", "authenticity_token"=>"CnwZx3bLf6u6ur5MWNKf9xbIvC8+8O9sNCWHqngrdEA=", "comment"=>{"post_id"=>"1", "body"=>"Awesome"}, "commit"=>"Create Comment"}
  [1m[35m (0.0ms)[0m  begin transaction
  [1m[36mSQL (2.0ms)[0m  [1mINSERT INTO "comments" ("body", "created_at", "post_id", "updated_at") VALUES (?, ?, ?, ?)[0m  [["body", "Awesome"], ["created_at", "2014-08-13 05:54:57.293172"], ["post_id", 1], ["updated_at", "2014-08-13 05:54:57.293172"]]
  [1m[35m (7.0ms)[0m  commit transaction
Redirected to http://localhost:3000/comments/2
Completed 302 Found in 17ms (ActiveRecord: 9.0ms)


Started GET "/comments/2" for 127.0.0.1 at 2014-08-13 01:54:57 -0400
Processing by CommentsController#show as HTML
  Parameters: {"id"=>"2"}
  [1m[36mComment Load (0.0ms)[0m  [1mSELECT  "comments".* FROM "comments"  WHERE "comments"."id" = ? LIMIT 1[0m  [["id", 2]]
  Rendered comments/show.html.erb within layouts/application (1.0ms)
Completed 200 OK in 16ms (Views: 13.0ms | ActiveRecord: 0.0ms)


Started GET "/assets/comments.css?body=1" for 127.0.0.1 at 2014-08-13 01:54:57 -0400


Started GET "/assets/jquery_ujs.js?body=1" for 127.0.0.1 at 2014-08-13 01:54:57 -0400


Started GET "/assets/jquery.js?body=1" for 127.0.0.1 at 2014-08-13 01:54:57 -0400


Started GET "/assets/application.css?body=1" for 127.0.0.1 at 2014-08-13 01:54:57 -0400


Started GET "/assets/scaffolds.css?body=1" for 127.0.0.1 at 2014-08-13 01:54:57 -0400


Started GET "/assets/posts.css?body=1" for 127.0.0.1 at 2014-08-13 01:54:57 -0400


Started GET "/assets/turbolinks.js?body=1" for 127.0.0.1 at 2014-08-13 01:54:57 -0400


Started GET "/assets/comments.js?body=1" for 127.0.0.1 at 2014-08-13 01:54:57 -0400


Started GET "/assets/posts.js?body=1" for 127.0.0.1 at 2014-08-13 01:54:57 -0400


Started GET "/assets/application.js?body=1" for 127.0.0.1 at 2014-08-13 01:54:57 -0400


Started GET "/comments" for 127.0.0.1 at 2014-08-13 01:54:59 -0400
Processing by CommentsController#index as HTML
  [1m[35mComment Load (0.0ms)[0m  SELECT "comments".* FROM "comments"
  Rendered comments/index.html.erb within layouts/application (4.0ms)
Completed 200 OK in 19ms (Views: 17.0ms | ActiveRecord: 0.0ms)


Started GET "/1/comments" for 127.0.0.1 at 2014-08-13 01:55:06 -0400

ActionController::RoutingError (No route matches [GET] "/1/comments"):
  actionpack (4.1.4) lib/action_dispatch/middleware/debug_exceptions.rb:21:in `call'
  actionpack (4.1.4) lib/action_dispatch/middleware/show_exceptions.rb:30:in `call'
  railties (4.1.4) lib/rails/rack/logger.rb:38:in `call_app'
  railties (4.1.4) lib/rails/rack/logger.rb:20:in `block in call'
  activesupport (4.1.4) lib/active_support/tagged_logging.rb:68:in `block in tagged'
  activesupport (4.1.4) lib/active_support/tagged_logging.rb:26:in `tagged'
  activesupport (4.1.4) lib/active_support/tagged_logging.rb:68:in `tagged'
  railties (4.1.4) lib/rails/rack/logger.rb:20:in `call'
  actionpack (4.1.4) lib/action_dispatch/middleware/request_id.rb:21:in `call'
  rack (1.5.2) lib/rack/methodoverride.rb:21:in `call'
  rack (1.5.2) lib/rack/runtime.rb:17:in `call'
  activesupport (4.1.4) lib/active_support/cache/strategy/local_cache_middleware.rb:26:in `call'
  rack (1.5.2) lib/rack/lock.rb:17:in `call'
  actionpack (4.1.4) lib/action_dispatch/middleware/static.rb:64:in `call'
  rack (1.5.2) lib/rack/sendfile.rb:112:in `call'
  railties (4.1.4) lib/rails/engine.rb:514:in `call'
  railties (4.1.4) lib/rails/application.rb:144:in `call'
  rack (1.5.2) lib/rack/lock.rb:17:in `call'
  rack (1.5.2) lib/rack/content_length.rb:14:in `call'
  rack (1.5.2) lib/rack/handler/webrick.rb:60:in `service'
  C:/Ruby200/lib/ruby/2.0.0/webrick/httpserver.rb:138:in `service'
  C:/Ruby200/lib/ruby/2.0.0/webrick/httpserver.rb:94:in `run'
  C:/Ruby200/lib/ruby/2.0.0/webrick/server.rb:295:in `block in start_thread'


  Rendered C:/Ruby200/lib/ruby/gems/2.0.0/gems/actionpack-4.1.4/lib/action_dispatch/middleware/templates/rescues/_trace.html.erb (4.0ms)
  Rendered C:/Ruby200/lib/ruby/gems/2.0.0/gems/actionpack-4.1.4/lib/action_dispatch/middleware/templates/routes/_route.html.erb (11.0ms)
  Rendered C:/Ruby200/lib/ruby/gems/2.0.0/gems/actionpack-4.1.4/lib/action_dispatch/middleware/templates/routes/_table.html.erb (5.0ms)
  Rendered C:/Ruby200/lib/ruby/gems/2.0.0/gems/actionpack-4.1.4/lib/action_dispatch/middleware/templates/rescues/routing_error.html.erb within rescues/layout (273.0ms)


Started GET "/posts/1/comments" for 127.0.0.1 at 2014-08-13 01:55:14 -0400
Processing by CommentsController#index as HTML
  Parameters: {"post_id"=>"1"}
  [1m[36mComment Load (0.0ms)[0m  [1mSELECT "comments".* FROM "comments"[0m
  Rendered comments/index.html.erb within layouts/application (2.0ms)
Completed 200 OK in 23ms (Views: 21.0ms | ActiveRecord: 0.0ms)


Started GET "/assets/jquery.js?body=1" for 127.0.0.1 at 2014-08-13 01:55:14 -0400


Started GET "/assets/posts.css?body=1" for 127.0.0.1 at 2014-08-13 01:55:14 -0400


Started GET "/assets/application.css?body=1" for 127.0.0.1 at 2014-08-13 01:55:14 -0400


Started GET "/assets/scaffolds.css?body=1" for 127.0.0.1 at 2014-08-13 01:55:14 -0400


Started GET "/assets/jquery_ujs.js?body=1" for 127.0.0.1 at 2014-08-13 01:55:14 -0400


Started GET "/assets/comments.css?body=1" for 127.0.0.1 at 2014-08-13 01:55:15 -0400


Started GET "/assets/turbolinks.js?body=1" for 127.0.0.1 at 2014-08-13 01:55:15 -0400


Started GET "/assets/comments.js?body=1" for 127.0.0.1 at 2014-08-13 01:55:15 -0400


Started GET "/assets/posts.js?body=1" for 127.0.0.1 at 2014-08-13 01:55:15 -0400


Started GET "/assets/application.js?body=1" for 127.0.0.1 at 2014-08-13 01:55:15 -0400


Started GET "/posts/2/comments" for 127.0.0.1 at 2014-08-13 01:55:20 -0400
Processing by CommentsController#index as HTML
  Parameters: {"post_id"=>"2"}
  [1m[35mComment Load (1.0ms)[0m  SELECT "comments".* FROM "comments"
  Rendered comments/index.html.erb within layouts/application (10.0ms)
Completed 200 OK in 72ms (Views: 67.0ms | ActiveRecord: 1.0ms)


Started GET "/assets/scaffolds.css?body=1" for 127.0.0.1 at 2014-08-13 01:55:20 -0400


Started GET "/assets/application.css?body=1" for 127.0.0.1 at 2014-08-13 01:55:20 -0400


Started GET "/assets/posts.css?body=1" for 127.0.0.1 at 2014-08-13 01:55:21 -0400


Started GET "/assets/comments.css?body=1" for 127.0.0.1 at 2014-08-13 01:55:21 -0400


Started GET "/assets/jquery.js?body=1" for 127.0.0.1 at 2014-08-13 01:55:21 -0400


Started GET "/assets/jquery_ujs.js?body=1" for 127.0.0.1 at 2014-08-13 01:55:21 -0400


Started GET "/assets/turbolinks.js?body=1" for 127.0.0.1 at 2014-08-13 01:55:21 -0400


Started GET "/assets/comments.js?body=1" for 127.0.0.1 at 2014-08-13 01:55:21 -0400


Started GET "/assets/posts.js?body=1" for 127.0.0.1 at 2014-08-13 01:55:21 -0400


Started GET "/assets/application.js?body=1" for 127.0.0.1 at 2014-08-13 01:55:21 -0400


Started GET "/posts" for 127.0.0.1 at 2014-08-13 01:55:37 -0400
Processing by PostsController#index as HTML
  [1m[36mPost Load (1.0ms)[0m  [1mSELECT "posts".* FROM "posts"[0m
  Rendered posts/index.html.erb within layouts/application (2.0ms)
Completed 200 OK in 16ms (Views: 12.0ms | ActiveRecord: 1.0ms)


Started GET "/assets/scaffolds.css?body=1" for 127.0.0.1 at 2014-08-13 01:55:37 -0400


Started GET "/assets/jquery_ujs.js?body=1" for 127.0.0.1 at 2014-08-13 01:55:37 -0400


Started GET "/assets/application.css?body=1" for 127.0.0.1 at 2014-08-13 01:55:37 -0400


Started GET "/assets/jquery.js?body=1" for 127.0.0.1 at 2014-08-13 01:55:37 -0400


Started GET "/assets/posts.css?body=1" for 127.0.0.1 at 2014-08-13 01:55:37 -0400


Started GET "/assets/comments.css?body=1" for 127.0.0.1 at 2014-08-13 01:55:38 -0400


Started GET "/assets/turbolinks.js?body=1" for 127.0.0.1 at 2014-08-13 01:55:38 -0400


Started GET "/assets/comments.js?body=1" for 127.0.0.1 at 2014-08-13 01:55:38 -0400


Started GET "/assets/posts.js?body=1" for 127.0.0.1 at 2014-08-13 01:55:38 -0400


Started GET "/assets/application.js?body=1" for 127.0.0.1 at 2014-08-13 01:55:38 -0400


Started GET "/posts/2" for 127.0.0.1 at 2014-08-13 01:55:41 -0400
Processing by PostsController#show as HTML
  Parameters: {"id"=>"2"}
  [1m[35mPost Load (1.0ms)[0m  SELECT  "posts".* FROM "posts"  WHERE "posts"."id" = ? LIMIT 1  [["id", 2]]
  Rendered posts/show.html.erb within layouts/application (2.0ms)
Completed 200 OK in 47ms (Views: 39.0ms | ActiveRecord: 1.0ms)


Started GET "/posts" for 127.0.0.1 at 2014-08-13 01:55:44 -0400
Processing by PostsController#index as HTML
  [1m[36mPost Load (0.0ms)[0m  [1mSELECT "posts".* FROM "posts"[0m
  Rendered posts/index.html.erb within layouts/application (3.0ms)
Completed 200 OK in 19ms (Views: 16.0ms | ActiveRecord: 0.0ms)


Started GET "/comments" for 127.0.0.1 at 2014-08-13 01:55:53 -0400
Processing by CommentsController#index as HTML
  [1m[35mComment Load (1.0ms)[0m  SELECT "comments".* FROM "comments"
  Rendered comments/index.html.erb within layouts/application (11.0ms)
Completed 200 OK in 54ms (Views: 48.0ms | ActiveRecord: 1.0ms)


Started GET "/assets/comments.css?body=1" for 127.0.0.1 at 2014-08-13 01:55:54 -0400


Started GET "/assets/posts.css?body=1" for 127.0.0.1 at 2014-08-13 01:55:54 -0400


Started GET "/assets/jquery.js?body=1" for 127.0.0.1 at 2014-08-13 01:55:54 -0400


Started GET "/assets/jquery_ujs.js?body=1" for 127.0.0.1 at 2014-08-13 01:55:54 -0400


Started GET "/assets/application.css?body=1" for 127.0.0.1 at 2014-08-13 01:55:54 -0400


Started GET "/assets/scaffolds.css?body=1" for 127.0.0.1 at 2014-08-13 01:55:54 -0400


Started GET "/assets/turbolinks.js?body=1" for 127.0.0.1 at 2014-08-13 01:55:54 -0400


Started GET "/assets/comments.js?body=1" for 127.0.0.1 at 2014-08-13 01:55:54 -0400


Started GET "/assets/posts.js?body=1" for 127.0.0.1 at 2014-08-13 01:55:54 -0400


Started GET "/assets/application.js?body=1" for 127.0.0.1 at 2014-08-13 01:55:54 -0400


Started GET "/comments/new" for 127.0.0.1 at 2014-08-13 01:56:01 -0400
Processing by CommentsController#new as HTML
  Rendered comments/_form.html.erb (3.0ms)
  Rendered comments/new.html.erb within layouts/application (4.0ms)
Completed 200 OK in 13ms (Views: 12.0ms | ActiveRecord: 0.0ms)


Started POST "/comments" for 127.0.0.1 at 2014-08-13 01:56:26 -0400
Processing by CommentsController#create as HTML
  Parameters: {"utf8"=>"✓", "authenticity_token"=>"CnwZx3bLf6u6ur5MWNKf9xbIvC8+8O9sNCWHqngrdEA=", "comment"=>{"post_id"=>"2", "body"=>"comment for post2 -great"}, "commit"=>"Create Comment"}
  [1m[36m (0.0ms)[0m  [1mbegin transaction[0m
  [1m[35mSQL (1.0ms)[0m  INSERT INTO "comments" ("body", "created_at", "post_id", "updated_at") VALUES (?, ?, ?, ?)  [["body", "comment for post2 -great"], ["created_at", "2014-08-13 05:56:26.864295"], ["post_id", 2], ["updated_at", "2014-08-13 05:56:26.864295"]]
  [1m[36m (4.0ms)[0m  [1mcommit transaction[0m
Redirected to http://localhost:3000/comments/3
Completed 302 Found in 10ms (ActiveRecord: 5.0ms)


Started GET "/comments/3" for 127.0.0.1 at 2014-08-13 01:56:26 -0400
Processing by CommentsController#show as HTML
  Parameters: {"id"=>"3"}
  [1m[35mComment Load (0.0ms)[0m  SELECT  "comments".* FROM "comments"  WHERE "comments"."id" = ? LIMIT 1  [["id", 3]]
  Rendered comments/show.html.erb within layouts/application (0.0ms)
Completed 200 OK in 9ms (Views: 7.0ms | ActiveRecord: 0.0ms)


Started GET "/assets/comments.css?body=1" for 127.0.0.1 at 2014-08-13 01:56:27 -0400


Started GET "/assets/posts.css?body=1" for 127.0.0.1 at 2014-08-13 01:56:27 -0400


Started GET "/assets/application.css?body=1" for 127.0.0.1 at 2014-08-13 01:56:27 -0400


Started GET "/assets/turbolinks.js?body=1" for 127.0.0.1 at 2014-08-13 01:56:27 -0400


Started GET "/assets/jquery.js?body=1" for 127.0.0.1 at 2014-08-13 01:56:27 -0400


Started GET "/assets/scaffolds.css?body=1" for 127.0.0.1 at 2014-08-13 01:56:27 -0400


Started GET "/assets/jquery_ujs.js?body=1" for 127.0.0.1 at 2014-08-13 01:56:27 -0400


Started GET "/assets/comments.js?body=1" for 127.0.0.1 at 2014-08-13 01:56:27 -0400


Started GET "/assets/posts.js?body=1" for 127.0.0.1 at 2014-08-13 01:56:27 -0400


Started GET "/assets/application.js?body=1" for 127.0.0.1 at 2014-08-13 01:56:27 -0400


Started GET "/comments" for 127.0.0.1 at 2014-08-13 01:56:29 -0400
Processing by CommentsController#index as HTML
  [1m[36mComment Load (0.0ms)[0m  [1mSELECT "comments".* FROM "comments"[0m
  Rendered comments/index.html.erb within layouts/application (4.0ms)
Completed 200 OK in 15ms (Views: 13.0ms | ActiveRecord: 0.0ms)


Started GET "/posts/1/comments" for 127.0.0.1 at 2014-08-13 01:56:54 -0400
Processing by CommentsController#index as HTML
  Parameters: {"post_id"=>"1"}
  [1m[35mComment Load (1.0ms)[0m  SELECT "comments".* FROM "comments"
  Rendered comments/index.html.erb within layouts/application (2.0ms)
Completed 200 OK in 44ms (Views: 43.0ms | ActiveRecord: 1.0ms)


Started GET "/assets/jquery.js?body=1" for 127.0.0.1 at 2014-08-13 01:56:54 -0400


Started GET "/assets/application.css?body=1" for 127.0.0.1 at 2014-08-13 01:56:54 -0400


Started GET "/assets/scaffolds.css?body=1" for 127.0.0.1 at 2014-08-13 01:56:54 -0400


Started GET "/assets/posts.css?body=1" for 127.0.0.1 at 2014-08-13 01:56:54 -0400


Started GET "/assets/jquery_ujs.js?body=1" for 127.0.0.1 at 2014-08-13 01:56:54 -0400


Started GET "/assets/comments.css?body=1" for 127.0.0.1 at 2014-08-13 01:56:55 -0400


Started GET "/assets/turbolinks.js?body=1" for 127.0.0.1 at 2014-08-13 01:56:55 -0400


Started GET "/assets/comments.js?body=1" for 127.0.0.1 at 2014-08-13 01:56:55 -0400


Started GET "/assets/posts.js?body=1" for 127.0.0.1 at 2014-08-13 01:56:55 -0400


Started GET "/assets/application.js?body=1" for 127.0.0.1 at 2014-08-13 01:56:55 -0400


Started GET "/posts/1/comments" for 127.0.0.1 at 2014-08-13 01:57:00 -0400
Processing by CommentsController#index as HTML
  Parameters: {"post_id"=>"1"}
  [1m[36mComment Load (1.0ms)[0m  [1mSELECT "comments".* FROM "comments"[0m
  Rendered comments/index.html.erb within layouts/application (2.0ms)
Completed 200 OK in 11ms (Views: 10.0ms | ActiveRecord: 1.0ms)


Started GET "/assets/posts.css?body=1" for 127.0.0.1 at 2014-08-13 01:57:00 -0400


Started GET "/assets/scaffolds.css?body=1" for 127.0.0.1 at 2014-08-13 01:57:00 -0400


Started GET "/assets/comments.css?body=1" for 127.0.0.1 at 2014-08-13 01:57:00 -0400


Started GET "/assets/application.css?body=1" for 127.0.0.1 at 2014-08-13 01:57:00 -0400


Started GET "/assets/jquery.js?body=1" for 127.0.0.1 at 2014-08-13 01:57:00 -0400


Started GET "/assets/jquery_ujs.js?body=1" for 127.0.0.1 at 2014-08-13 01:57:00 -0400


Started GET "/assets/turbolinks.js?body=1" for 127.0.0.1 at 2014-08-13 01:57:00 -0400


Started GET "/assets/comments.js?body=1" for 127.0.0.1 at 2014-08-13 01:57:00 -0400


Started GET "/assets/posts.js?body=1" for 127.0.0.1 at 2014-08-13 01:57:00 -0400


Started GET "/assets/application.js?body=1" for 127.0.0.1 at 2014-08-13 01:57:00 -0400


Started GET "/posts/2/comments" for 127.0.0.1 at 2014-08-13 01:57:11 -0400
Processing by CommentsController#index as HTML
  Parameters: {"post_id"=>"2"}
  [1m[35mComment Load (1.0ms)[0m  SELECT "comments".* FROM "comments"
  Rendered comments/index.html.erb within layouts/application (3.0ms)
Completed 200 OK in 14ms (Views: 11.0ms | ActiveRecord: 1.0ms)


Started GET "/assets/posts.css?body=1" for 127.0.0.1 at 2014-08-13 01:57:11 -0400


Started GET "/assets/comments.css?body=1" for 127.0.0.1 at 2014-08-13 01:57:11 -0400


Started GET "/assets/jquery.js?body=1" for 127.0.0.1 at 2014-08-13 01:57:11 -0400


Started GET "/assets/jquery_ujs.js?body=1" for 127.0.0.1 at 2014-08-13 01:57:11 -0400


Started GET "/assets/scaffolds.css?body=1" for 127.0.0.1 at 2014-08-13 01:57:11 -0400


Started GET "/assets/application.css?body=1" for 127.0.0.1 at 2014-08-13 01:57:11 -0400


Started GET "/assets/turbolinks.js?body=1" for 127.0.0.1 at 2014-08-13 01:57:11 -0400


Started GET "/assets/comments.js?body=1" for 127.0.0.1 at 2014-08-13 01:57:11 -0400


Started GET "/assets/posts.js?body=1" for 127.0.0.1 at 2014-08-13 01:57:11 -0400


Started GET "/assets/application.js?body=1" for 127.0.0.1 at 2014-08-13 01:57:11 -0400


Started GET "/comments/3" for 127.0.0.1 at 2014-08-13 01:57:17 -0400
Processing by CommentsController#show as HTML
  Parameters: {"id"=>"3"}
  [1m[36mComment Load (0.0ms)[0m  [1mSELECT  "comments".* FROM "comments"  WHERE "comments"."id" = ? LIMIT 1[0m  [["id", 3]]
  Rendered comments/show.html.erb within layouts/application (1.0ms)
Completed 200 OK in 13ms (Views: 10.0ms | ActiveRecord: 0.0ms)


Started GET "/comments" for 127.0.0.1 at 2014-08-13 01:57:19 -0400
Processing by CommentsController#index as HTML
  [1m[35mComment Load (0.0ms)[0m  SELECT "comments".* FROM "comments"
  Rendered comments/index.html.erb within layouts/application (4.0ms)
Completed 200 OK in 17ms (Views: 16.0ms | ActiveRecord: 0.0ms)


Started GET "/posts" for 127.0.0.1 at 2014-08-13 01:57:25 -0400
Processing by PostsController#index as HTML
  [1m[36mPost Load (1.0ms)[0m  [1mSELECT "posts".* FROM "posts"[0m
  Rendered posts/index.html.erb within layouts/application (17.0ms)
Completed 200 OK in 73ms (Views: 69.0ms | ActiveRecord: 1.0ms)


Started GET "/assets/posts.css?body=1" for 127.0.0.1 at 2014-08-13 01:57:25 -0400


Started GET "/assets/jquery_ujs.js?body=1" for 127.0.0.1 at 2014-08-13 01:57:25 -0400


Started GET "/assets/jquery.js?body=1" for 127.0.0.1 at 2014-08-13 01:57:26 -0400


Started GET "/assets/posts.js?body=1" for 127.0.0.1 at 2014-08-13 01:57:26 -0400


Started GET "/assets/application.css?body=1" for 127.0.0.1 at 2014-08-13 01:57:26 -0400


Started GET "/assets/scaffolds.css?body=1" for 127.0.0.1 at 2014-08-13 01:57:26 -0400


Started GET "/assets/turbolinks.js?body=1" for 127.0.0.1 at 2014-08-13 01:57:26 -0400


Started GET "/assets/comments.js?body=1" for 127.0.0.1 at 2014-08-13 01:57:26 -0400


Started GET "/assets/comments.css?body=1" for 127.0.0.1 at 2014-08-13 01:57:26 -0400


Started GET "/assets/application.js?body=1" for 127.0.0.1 at 2014-08-13 01:57:26 -0400


Started GET "/post" for 127.0.0.1 at 2014-08-13 01:57:30 -0400

ActionController::RoutingError (No route matches [GET] "/post"):
  actionpack (4.1.4) lib/action_dispatch/middleware/debug_exceptions.rb:21:in `call'
  actionpack (4.1.4) lib/action_dispatch/middleware/show_exceptions.rb:30:in `call'
  railties (4.1.4) lib/rails/rack/logger.rb:38:in `call_app'
  railties (4.1.4) lib/rails/rack/logger.rb:20:in `block in call'
  activesupport (4.1.4) lib/active_support/tagged_logging.rb:68:in `block in tagged'
  activesupport (4.1.4) lib/active_support/tagged_logging.rb:26:in `tagged'
  activesupport (4.1.4) lib/active_support/tagged_logging.rb:68:in `tagged'
  railties (4.1.4) lib/rails/rack/logger.rb:20:in `call'
  actionpack (4.1.4) lib/action_dispatch/middleware/request_id.rb:21:in `call'
  rack (1.5.2) lib/rack/methodoverride.rb:21:in `call'
  rack (1.5.2) lib/rack/runtime.rb:17:in `call'
  activesupport (4.1.4) lib/active_support/cache/strategy/local_cache_middleware.rb:26:in `call'
  rack (1.5.2) lib/rack/lock.rb:17:in `call'
  actionpack (4.1.4) lib/action_dispatch/middleware/static.rb:64:in `call'
  rack (1.5.2) lib/rack/sendfile.rb:112:in `call'
  railties (4.1.4) lib/rails/engine.rb:514:in `call'
  railties (4.1.4) lib/rails/application.rb:144:in `call'
  rack (1.5.2) lib/rack/lock.rb:17:in `call'
  rack (1.5.2) lib/rack/content_length.rb:14:in `call'
  rack (1.5.2) lib/rack/handler/webrick.rb:60:in `service'
  C:/Ruby200/lib/ruby/2.0.0/webrick/httpserver.rb:138:in `service'
  C:/Ruby200/lib/ruby/2.0.0/webrick/httpserver.rb:94:in `run'
  C:/Ruby200/lib/ruby/2.0.0/webrick/server.rb:295:in `block in start_thread'


  Rendered C:/Ruby200/lib/ruby/gems/2.0.0/gems/actionpack-4.1.4/lib/action_dispatch/middleware/templates/rescues/_trace.html.erb (2.0ms)
  Rendered C:/Ruby200/lib/ruby/gems/2.0.0/gems/actionpack-4.1.4/lib/action_dispatch/middleware/templates/routes/_route.html.erb (2.0ms)
  Rendered C:/Ruby200/lib/ruby/gems/2.0.0/gems/actionpack-4.1.4/lib/action_dispatch/middleware/templates/routes/_table.html.erb (1.0ms)
  Rendered C:/Ruby200/lib/ruby/gems/2.0.0/gems/actionpack-4.1.4/lib/action_dispatch/middleware/templates/rescues/routing_error.html.erb within rescues/layout (57.0ms)


Started GET "/posts/:1/comments" for 127.0.0.1 at 2014-08-13 01:57:57 -0400
Processing by CommentsController#index as HTML
  Parameters: {"post_id"=>":1"}
  [1m[35mComment Load (0.0ms)[0m  SELECT "comments".* FROM "comments"
  Rendered comments/index.html.erb within layouts/application (2.0ms)
Completed 200 OK in 20ms (Views: 19.0ms | ActiveRecord: 0.0ms)


Started GET "/assets/comments.css?body=1" for 127.0.0.1 at 2014-08-13 01:57:57 -0400


Started GET "/assets/scaffolds.css?body=1" for 127.0.0.1 at 2014-08-13 01:57:57 -0400


Started GET "/assets/application.css?body=1" for 127.0.0.1 at 2014-08-13 01:57:57 -0400


Started GET "/assets/turbolinks.js?body=1" for 127.0.0.1 at 2014-08-13 01:57:57 -0400


Started GET "/assets/jquery.js?body=1" for 127.0.0.1 at 2014-08-13 01:57:57 -0400


Started GET "/assets/posts.css?body=1" for 127.0.0.1 at 2014-08-13 01:57:57 -0400


Started GET "/assets/comments.js?body=1" for 127.0.0.1 at 2014-08-13 01:57:57 -0400


Started GET "/assets/jquery_ujs.js?body=1" for 127.0.0.1 at 2014-08-13 01:57:57 -0400


Started GET "/assets/posts.js?body=1" for 127.0.0.1 at 2014-08-13 01:57:57 -0400


Started GET "/assets/application.js?body=1" for 127.0.0.1 at 2014-08-13 01:57:57 -0400


Started GET "/comments/3" for 127.0.0.1 at 2014-08-13 01:58:41 -0400
Processing by CommentsController#show as HTML
  Parameters: {"id"=>"3"}
  [1m[36mComment Load (1.0ms)[0m  [1mSELECT  "comments".* FROM "comments"  WHERE "comments"."id" = ? LIMIT 1[0m  [["id", 3]]
  Rendered comments/show.html.erb within layouts/application (1.0ms)
Completed 200 OK in 9ms (Views: 8.0ms | ActiveRecord: 1.0ms)


Started GET "/post" for 127.0.0.1 at 2014-08-13 02:13:32 -0400

ActionController::RoutingError (No route matches [GET] "/post"):
  actionpack (4.1.4) lib/action_dispatch/middleware/debug_exceptions.rb:21:in `call'
  actionpack (4.1.4) lib/action_dispatch/middleware/show_exceptions.rb:30:in `call'
  railties (4.1.4) lib/rails/rack/logger.rb:38:in `call_app'
  railties (4.1.4) lib/rails/rack/logger.rb:20:in `block in call'
  activesupport (4.1.4) lib/active_support/tagged_logging.rb:68:in `block in tagged'
  activesupport (4.1.4) lib/active_support/tagged_logging.rb:26:in `tagged'
  activesupport (4.1.4) lib/active_support/tagged_logging.rb:68:in `tagged'
  railties (4.1.4) lib/rails/rack/logger.rb:20:in `call'
  actionpack (4.1.4) lib/action_dispatch/middleware/request_id.rb:21:in `call'
  rack (1.5.2) lib/rack/methodoverride.rb:21:in `call'
  rack (1.5.2) lib/rack/runtime.rb:17:in `call'
  activesupport (4.1.4) lib/active_support/cache/strategy/local_cache_middleware.rb:26:in `call'
  rack (1.5.2) lib/rack/lock.rb:17:in `call'
  actionpack (4.1.4) lib/action_dispatch/middleware/static.rb:64:in `call'
  rack (1.5.2) lib/rack/sendfile.rb:112:in `call'
  railties (4.1.4) lib/rails/engine.rb:514:in `call'
  railties (4.1.4) lib/rails/application.rb:144:in `call'
  rack (1.5.2) lib/rack/lock.rb:17:in `call'
  rack (1.5.2) lib/rack/content_length.rb:14:in `call'
  rack (1.5.2) lib/rack/handler/webrick.rb:60:in `service'
  C:/Ruby200/lib/ruby/2.0.0/webrick/httpserver.rb:138:in `service'
  C:/Ruby200/lib/ruby/2.0.0/webrick/httpserver.rb:94:in `run'
  C:/Ruby200/lib/ruby/2.0.0/webrick/server.rb:295:in `block in start_thread'


  Rendered C:/Ruby200/lib/ruby/gems/2.0.0/gems/actionpack-4.1.4/lib/action_dispatch/middleware/templates/rescues/_trace.html.erb (2.0ms)
  Rendered C:/Ruby200/lib/ruby/gems/2.0.0/gems/actionpack-4.1.4/lib/action_dispatch/middleware/templates/routes/_route.html.erb (3.0ms)
  Rendered C:/Ruby200/lib/ruby/gems/2.0.0/gems/actionpack-4.1.4/lib/action_dispatch/middleware/templates/routes/_table.html.erb (2.0ms)
  Rendered C:/Ruby200/lib/ruby/gems/2.0.0/gems/actionpack-4.1.4/lib/action_dispatch/middleware/templates/rescues/routing_error.html.erb within rescues/layout (60.0ms)


Started GET "/posts" for 127.0.0.1 at 2014-08-13 02:13:40 -0400
Processing by PostsController#index as HTML
  [1m[35mPost Load (0.0ms)[0m  SELECT "posts".* FROM "posts"
  Rendered posts/index.html.erb within layouts/application (9.0ms)
Completed 200 OK in 36ms (Views: 30.0ms | ActiveRecord: 1.0ms)


Started GET "/assets/comments.css?body=1" for 127.0.0.1 at 2014-08-13 02:13:40 -0400


Started GET "/assets/application.css?body=1" for 127.0.0.1 at 2014-08-13 02:13:40 -0400


Started GET "/assets/posts.css?body=1" for 127.0.0.1 at 2014-08-13 02:13:40 -0400


Started GET "/assets/scaffolds.css?body=1" for 127.0.0.1 at 2014-08-13 02:13:40 -0400


Started GET "/assets/jquery.js?body=1" for 127.0.0.1 at 2014-08-13 02:13:40 -0400


Started GET "/assets/jquery_ujs.js?body=1" for 127.0.0.1 at 2014-08-13 02:13:40 -0400


Started GET "/assets/turbolinks.js?body=1" for 127.0.0.1 at 2014-08-13 02:13:40 -0400


Started GET "/assets/posts.js?body=1" for 127.0.0.1 at 2014-08-13 02:13:40 -0400


Started GET "/assets/comments.js?body=1" for 127.0.0.1 at 2014-08-13 02:13:40 -0400


Started GET "/assets/application.js?body=1" for 127.0.0.1 at 2014-08-13 02:13:40 -0400


Started GET "/posts/new" for 127.0.0.1 at 2014-08-13 02:13:43 -0400
Processing by PostsController#new as HTML
  Rendered posts/_form.html.erb (3.0ms)
  Rendered posts/new.html.erb within layouts/application (4.0ms)
Completed 200 OK in 13ms (Views: 12.0ms | ActiveRecord: 0.0ms)


Started POST "/posts" for 127.0.0.1 at 2014-08-13 02:13:47 -0400
Processing by PostsController#create as HTML
  Parameters: {"utf8"=>"✓", "authenticity_token"=>"CnwZx3bLf6u6ur5MWNKf9xbIvC8+8O9sNCWHqngrdEA=", "post"=>{"title"=>"", "body"=>"asd a"}, "commit"=>"Create Post"}
  [1m[36m (0.0ms)[0m  [1mbegin transaction[0m
  [1m[35m (1.0ms)[0m  rollback transaction
  Rendered posts/_form.html.erb (3.0ms)
  Rendered posts/new.html.erb within layouts/application (5.0ms)
Completed 200 OK in 21ms (Views: 17.0ms | ActiveRecord: 1.0ms)


Started GET "/assets/comments.css?body=1" for 127.0.0.1 at 2014-08-13 02:13:47 -0400


Started GET "/assets/posts.css?body=1" for 127.0.0.1 at 2014-08-13 02:13:47 -0400


Started GET "/assets/jquery.js?body=1" for 127.0.0.1 at 2014-08-13 02:13:47 -0400


Started GET "/assets/scaffolds.css?body=1" for 127.0.0.1 at 2014-08-13 02:13:47 -0400


Started GET "/assets/jquery_ujs.js?body=1" for 127.0.0.1 at 2014-08-13 02:13:47 -0400


Started GET "/assets/application.css?body=1" for 127.0.0.1 at 2014-08-13 02:13:47 -0400


Started GET "/assets/turbolinks.js?body=1" for 127.0.0.1 at 2014-08-13 02:13:47 -0400


Started GET "/assets/comments.js?body=1" for 127.0.0.1 at 2014-08-13 02:13:47 -0400


Started GET "/assets/posts.js?body=1" for 127.0.0.1 at 2014-08-13 02:13:47 -0400


Started GET "/assets/application.js?body=1" for 127.0.0.1 at 2014-08-13 02:13:47 -0400
